{
  "stats": {
    "suites": 3,
    "tests": 10,
    "passes": 10,
    "pending": 0,
    "failures": 0,
    "start": "2021-12-18T22:44:51.852Z",
    "end": "2021-12-18T22:45:00.010Z",
    "duration": 8158,
    "testsRegistered": 10,
    "passPercent": 100,
    "pendingPercent": 0,
    "other": 0,
    "hasOther": false,
    "skipped": 0,
    "hasSkipped": false
  },
  "results": [
    {
      "uuid": "fd66b514-b352-48e3-abba-88dd8dfb95fd",
      "title": "",
      "fullFile": "",
      "file": "",
      "beforeHooks": [],
      "afterHooks": [],
      "tests": [],
      "suites": [
        {
          "uuid": "f519fca3-3465-49fb-8d47-d2ca49c6a52f",
          "title": "Posts",
          "fullFile": "/Users/ravindra/workspace/Otrium/API/super-api-tests/test/APITests.js",
          "file": "/test/APITests.js",
          "beforeHooks": [
            {
              "title": "\"before all\" hook in \"Posts\"",
              "fullTitle": "Posts \"before all\" hook in \"Posts\"",
              "timedOut": false,
              "duration": 808,
              "state": null,
              "speed": null,
              "pass": false,
              "fail": false,
              "pending": false,
              "context": null,
              "code": "var self = this,\n    args = arguments;\nreturn new Promise(function (resolve, reject) {\n  var gen = fn.apply(self, args);\n  function _next(value) {\n    asyncGeneratorStep(gen, resolve, reject, _next, _throw, \"next\", value);\n  }\n  function _throw(err) {\n    asyncGeneratorStep(gen, resolve, reject, _next, _throw, \"throw\", err);\n  }\n  _next(undefined);\n});",
              "err": {},
              "uuid": "1df2251d-6147-4557-b07e-fa66ccc3db1a",
              "parentUUID": "f519fca3-3465-49fb-8d47-d2ca49c6a52f",
              "isHook": true,
              "skipped": false
            }
          ],
          "afterHooks": [
            {
              "title": "\"after all\" hook in \"Posts\"",
              "fullTitle": "Posts \"after all\" hook in \"Posts\"",
              "timedOut": false,
              "duration": 0,
              "state": null,
              "speed": null,
              "pass": false,
              "fail": false,
              "pending": false,
              "context": null,
              "code": "// clean up\n    // delete a user",
              "err": {},
              "uuid": "ae8494de-763c-46b7-8217-d8d538fc9996",
              "parentUUID": "f519fca3-3465-49fb-8d47-d2ca49c6a52f",
              "isHook": true,
              "skipped": false
            }
          ],
          "tests": [],
          "suites": [
            {
              "uuid": "28038465-8402-4f4b-b390-205c21e636a6",
              "title": "POST",
              "fullFile": "/Users/ravindra/workspace/Otrium/API/super-api-tests/test/APITests.js",
              "file": "/test/APITests.js",
              "beforeHooks": [],
              "afterHooks": [],
              "tests": [
                {
                  "title": "GET /users",
                  "fullTitle": "Posts POST GET /users",
                  "timedOut": false,
                  "duration": 741,
                  "state": "passed",
                  "speed": "slow",
                  "pass": true,
                  "fail": false,
                  "pending": false,
                  "context": null,
                  "code": "// request.get(`users?access-token=${TOKEN}`).end((err, res) => {\n//   expect(res.body.data).to.not.be.empty;\n//   done();\n// });\nreturn _supertest[\"default\"].get(\"users?access-token=\".concat(TOKEN)).then(function (res) {\n  (0, _chai.expect)(res.body.data).to.not.be.empty;\n});",
                  "err": {},
                  "uuid": "7ec34cf3-e10e-4f3b-ad65-58cd3836c95e",
                  "parentUUID": "28038465-8402-4f4b-b390-205c21e636a6",
                  "isHook": false,
                  "skipped": false
                },
                {
                  "title": "GET /users/:id",
                  "fullTitle": "Posts POST GET /users/:id",
                  "timedOut": false,
                  "duration": 756,
                  "state": "passed",
                  "speed": "slow",
                  "pass": true,
                  "fail": false,
                  "pending": false,
                  "context": null,
                  "code": "return _supertest[\"default\"].get(\"users/6?access-token=\".concat(TOKEN)).then(function (res) {\n  (0, _chai.expect)(res.body.data.id).to.be.eq(6);\n});",
                  "err": {},
                  "uuid": "40f644fc-1018-4871-93ae-215263f81a60",
                  "parentUUID": "28038465-8402-4f4b-b390-205c21e636a6",
                  "isHook": false,
                  "skipped": false
                },
                {
                  "title": "GET /users with query params",
                  "fullTitle": "Posts POST GET /users with query params",
                  "timedOut": false,
                  "duration": 734,
                  "state": "passed",
                  "speed": "slow",
                  "pass": true,
                  "fail": false,
                  "pending": false,
                  "context": null,
                  "code": "var url = \"users?access-token=\".concat(TOKEN, \"&page=2&name=Ravi%20Varman\");\nreturn _supertest[\"default\"].get(url).then(function (res) {\n  res.body.data.forEach(function (data) {\n    (0, _chai.expect)(data.name).to.eq('Ravi Varman');\n  });\n});",
                  "err": {},
                  "uuid": "7fd84183-1de0-4ae5-9fea-e8bc549c65c9",
                  "parentUUID": "28038465-8402-4f4b-b390-205c21e636a6",
                  "isHook": false,
                  "skipped": false
                },
                {
                  "title": "POST /users",
                  "fullTitle": "Posts POST POST /users",
                  "timedOut": false,
                  "duration": 748,
                  "state": "passed",
                  "speed": "slow",
                  "pass": true,
                  "fail": false,
                  "pending": false,
                  "context": null,
                  "code": "var data = {\n  email: \"test-\".concat(Math.floor(Math.random() * 9999), \"@mail.ca\"),\n  name: 'Test name',\n  gender: 'male',\n  status: 'inactive'\n};\nreturn _supertest[\"default\"].post('users').set('Authorization', \"Bearer \".concat(TOKEN)).send(data).then(function (res) {\n  (0, _chai.expect)(res.body.data).to.deep.include(data);\n});",
                  "err": {},
                  "uuid": "4abd89ff-63ad-4f69-8672-070f3afc3368",
                  "parentUUID": "28038465-8402-4f4b-b390-205c21e636a6",
                  "isHook": false,
                  "skipped": false
                },
                {
                  "title": "PUT /users/:id",
                  "fullTitle": "Posts POST PUT /users/:id",
                  "timedOut": false,
                  "duration": 741,
                  "state": "passed",
                  "speed": "slow",
                  "pass": true,
                  "fail": false,
                  "pending": false,
                  "context": null,
                  "code": "var data = {\n  status: 'active',\n  name: \"Luffy - \".concat(Math.floor(Math.random() * 9999))\n};\nreturn _supertest[\"default\"].put('users/132').set('Authorization', \"Bearer \".concat(TOKEN)).send(data).then(function (res) {\n  console.log(res.body);\n  (0, _chai.expect)(res.body.data).to.deep.include(data);\n});",
                  "err": {},
                  "uuid": "8649b133-4909-45e8-8fb7-a04781336183",
                  "parentUUID": "28038465-8402-4f4b-b390-205c21e636a6",
                  "isHook": false,
                  "skipped": false
                },
                {
                  "title": "DELETE /users/:id",
                  "fullTitle": "Posts POST DELETE /users/:id",
                  "timedOut": false,
                  "duration": 720,
                  "state": "passed",
                  "speed": "slow",
                  "pass": true,
                  "fail": false,
                  "pending": false,
                  "context": null,
                  "code": "return _supertest[\"default\"][\"delete\"]('users/21').set('Authorization', \"Bearer \".concat(TOKEN)).then(function (res) {\n  console.log(res.body);\n  (0, _chai.expect)(res.body.code).to.be.eq(404);\n});",
                  "err": {},
                  "uuid": "ad21e5e5-9711-4230-a4a4-801dd98f73de",
                  "parentUUID": "28038465-8402-4f4b-b390-205c21e636a6",
                  "isHook": false,
                  "skipped": false
                },
                {
                  "title": "/posts",
                  "fullTitle": "Posts POST /posts",
                  "timedOut": false,
                  "duration": 742,
                  "state": "passed",
                  "speed": "slow",
                  "pass": true,
                  "fail": false,
                  "pending": false,
                  "context": null,
                  "code": "var self = this,\n    args = arguments;\nreturn new Promise(function (resolve, reject) {\n  var gen = fn.apply(self, args);\n  function _next(value) {\n    asyncGeneratorStep(gen, resolve, reject, _next, _throw, \"next\", value);\n  }\n  function _throw(err) {\n    asyncGeneratorStep(gen, resolve, reject, _next, _throw, \"throw\", err);\n  }\n  _next(undefined);\n});",
                  "err": {},
                  "uuid": "2d8b1a7c-3d10-4953-b68a-abd744e082e1",
                  "parentUUID": "28038465-8402-4f4b-b390-205c21e636a6",
                  "isHook": false,
                  "skipped": false
                },
                {
                  "title": "posts/:id",
                  "fullTitle": "Posts POST posts/:id",
                  "timedOut": false,
                  "duration": 722,
                  "state": "passed",
                  "speed": "slow",
                  "pass": true,
                  "fail": false,
                  "pending": false,
                  "context": null,
                  "code": "var self = this,\n    args = arguments;\nreturn new Promise(function (resolve, reject) {\n  var gen = fn.apply(self, args);\n  function _next(value) {\n    asyncGeneratorStep(gen, resolve, reject, _next, _throw, \"next\", value);\n  }\n  function _throw(err) {\n    asyncGeneratorStep(gen, resolve, reject, _next, _throw, \"throw\", err);\n  }\n  _next(undefined);\n});",
                  "err": {},
                  "uuid": "2dca7f97-c882-4ff1-85a3-e3648a6222e8",
                  "parentUUID": "28038465-8402-4f4b-b390-205c21e636a6",
                  "isHook": false,
                  "skipped": false
                }
              ],
              "suites": [],
              "passes": [
                "7ec34cf3-e10e-4f3b-ad65-58cd3836c95e",
                "40f644fc-1018-4871-93ae-215263f81a60",
                "7fd84183-1de0-4ae5-9fea-e8bc549c65c9",
                "4abd89ff-63ad-4f69-8672-070f3afc3368",
                "8649b133-4909-45e8-8fb7-a04781336183",
                "ad21e5e5-9711-4230-a4a4-801dd98f73de",
                "2d8b1a7c-3d10-4953-b68a-abd744e082e1",
                "2dca7f97-c882-4ff1-85a3-e3648a6222e8"
              ],
              "failures": [],
              "pending": [],
              "skipped": [],
              "duration": 5904,
              "root": false,
              "rootEmpty": false,
              "_timeout": 5000
            },
            {
              "uuid": "17007751-45a4-4ef2-93f0-3e9bcaa4f2e7",
              "title": "Negative Tests",
              "fullFile": "/Users/ravindra/workspace/Otrium/API/super-api-tests/test/APITests.js",
              "file": "/test/APITests.js",
              "beforeHooks": [],
              "afterHooks": [],
              "tests": [
                {
                  "title": "422 Data validation failed",
                  "fullTitle": "Posts Negative Tests 422 Data validation failed",
                  "timedOut": false,
                  "duration": 707,
                  "state": "passed",
                  "speed": "slow",
                  "pass": true,
                  "fail": false,
                  "pending": false,
                  "context": null,
                  "code": "var self = this,\n    args = arguments;\nreturn new Promise(function (resolve, reject) {\n  var gen = fn.apply(self, args);\n  function _next(value) {\n    asyncGeneratorStep(gen, resolve, reject, _next, _throw, \"next\", value);\n  }\n  function _throw(err) {\n    asyncGeneratorStep(gen, resolve, reject, _next, _throw, \"throw\", err);\n  }\n  _next(undefined);\n});",
                  "err": {},
                  "uuid": "60466ea9-5a70-46f6-8f1a-e6406362ec55",
                  "parentUUID": "17007751-45a4-4ef2-93f0-3e9bcaa4f2e7",
                  "isHook": false,
                  "skipped": false
                },
                {
                  "title": "401 Authentication failed",
                  "fullTitle": "Posts Negative Tests 401 Authentication failed",
                  "timedOut": false,
                  "duration": 723,
                  "state": "passed",
                  "speed": "slow",
                  "pass": true,
                  "fail": false,
                  "pending": false,
                  "context": null,
                  "code": "var self = this,\n    args = arguments;\nreturn new Promise(function (resolve, reject) {\n  var gen = fn.apply(self, args);\n  function _next(value) {\n    asyncGeneratorStep(gen, resolve, reject, _next, _throw, \"next\", value);\n  }\n  function _throw(err) {\n    asyncGeneratorStep(gen, resolve, reject, _next, _throw, \"throw\", err);\n  }\n  _next(undefined);\n});",
                  "err": {},
                  "uuid": "b8155970-0f48-4a86-b19a-531b424b40f3",
                  "parentUUID": "17007751-45a4-4ef2-93f0-3e9bcaa4f2e7",
                  "isHook": false,
                  "skipped": false
                }
              ],
              "suites": [],
              "passes": [
                "60466ea9-5a70-46f6-8f1a-e6406362ec55",
                "b8155970-0f48-4a86-b19a-531b424b40f3"
              ],
              "failures": [],
              "pending": [],
              "skipped": [],
              "duration": 1430,
              "root": false,
              "rootEmpty": false,
              "_timeout": 5000
            }
          ],
          "passes": [],
          "failures": [],
          "pending": [],
          "skipped": [],
          "duration": 0,
          "root": false,
          "rootEmpty": false,
          "_timeout": 5000
        }
      ],
      "passes": [],
      "failures": [],
      "pending": [],
      "skipped": [],
      "duration": 0,
      "root": true,
      "rootEmpty": true,
      "_timeout": 5000
    }
  ],
  "meta": {
    "mocha": {
      "version": "8.4.0"
    },
    "mochawesome": {
      "options": {
        "quiet": false,
        "reportFilename": "mochawesome",
        "saveHtml": true,
        "saveJson": true,
        "consoleReporter": "spec",
        "useInlineDiffs": false,
        "code": true
      },
      "version": "6.3.1"
    },
    "marge": {
      "options": null,
      "version": "5.2.0"
    }
  }
}